<?xml version="1.0" encoding="UTF-8"?>
<!-- Generated by org.testng.reporters.JUnitReportReporter -->
<testsuite hostname="AcerAspire5" failures="0" tests="1" name="com.testCases.LoginPage" time="1.932" errors="0" timestamp="2024-03-16T16:01:11 IST" skipped="0">
  <testcase classname="com.testCases.LoginPage" name="f" time="1.932"/>
  <system-out/>
</testsuite> <!-- com.testCases.LoginPage -->
