<?xml version="1.0" encoding="UTF-8"?>
<!-- Generated by org.testng.reporters.JUnitReportReporter -->
<testsuite hostname="AcerAspire5" failures="0" tests="1" name="testcase1.orageHRMLoginpage" time="1.853" errors="0" timestamp="2024-03-15T22:54:46 IST" skipped="0">
  <testcase classname="testcase1.orageHRMLoginpage" name="f" time="1.853"/>
  <system-out/>
</testsuite> <!-- testcase1.orageHRMLoginpage -->
